[     362ms] [INFO] %cDownload the React DevTools for a better development experience: https://react.dev/link/react-devtools font-weight:bold @ http://localhost:3000/_next/static/chunks/6c31e_next_dist_cf8a5dca._.js:2297
[     471ms] [LOG] [HMR] connected @ http://localhost:3000/_next/static/chunks/6c31e_next_dist_cf8a5dca._.js:2297
[    1036ms] [ERROR] Failed to load resource: the server responded with a status of 404 (Not Found) @ http://localhost:3000/icon-192.png:0
[    1097ms] [WARNING] Error while trying to use the following icon from the Manifest: http://localhost:3000/icon-192.png (Download error or resource isn't a valid image) @ http://localhost:3000/dashboard:0
[ 2143035ms] [LOG] [HMR] connected @ http://localhost:3000/_next/static/chunks/6c31e_next_dist_cf8a5dca._.js:2297
[ 2143277ms] [LOG] [Fast Refresh] rebuilding @ http://localhost:3000/_next/static/chunks/6c31e_next_dist_cf8a5dca._.js:2297
[ 2847624ms] [LOG] [HMR] connected @ http://localhost:3000/_next/static/chunks/6c31e_next_dist_cf8a5dca._.js:2297
[ 2851358ms] [LOG] [Fast Refresh] done in 708183ms @ http://localhost:3000/_next/static/chunks/6c31e_next_dist_cf8a5dca._.js:2297
[ 2979768ms] [LOG] [Fast Refresh] rebuilding @ http://localhost:3000/_next/static/chunks/6c31e_next_dist_cf8a5dca._.js:2297
[ 2979859ms] [LOG] [Fast Refresh] done in 138ms @ http://localhost:3000/_next/static/chunks/6c31e_next_dist_cf8a5dca._.js:2297
[ 3424643ms] [LOG] [HMR] connected @ http://localhost:3000/_next/static/chunks/6c31e_next_dist_cf8a5dca._.js:2297
[ 3424791ms] [LOG] [Fast Refresh] rebuilding @ http://localhost:3000/_next/static/chunks/6c31e_next_dist_cf8a5dca._.js:2297
[ 3445886ms] [LOG] [Fast Refresh] done in 21202ms @ http://localhost:3000/_next/static/chunks/6c31e_next_dist_cf8a5dca._.js:2297
[ 6875121ms] [LOG] [HMR] connected @ http://localhost:3000/_next/static/chunks/6c31e_next_dist_cf8a5dca._.js:2297
[ 6875332ms] [LOG] [Fast Refresh] rebuilding @ http://localhost:3000/_next/static/chunks/6c31e_next_dist_cf8a5dca._.js:2297
[ 6879706ms] [LOG] [Fast Refresh] done in 4477ms @ http://localhost:3000/_next/static/chunks/6c31e_next_dist_cf8a5dca._.js:2297
[ 8103460ms] [LOG] [HMR] connected @ http://localhost:3000/_next/static/chunks/6c31e_next_dist_cf8a5dca._.js:2297
[ 8103601ms] [LOG] [Fast Refresh] rebuilding @ http://localhost:3000/_next/static/chunks/6c31e_next_dist_cf8a5dca._.js:2297
[ 8150150ms] [LOG] [Fast Refresh] done in 46659ms @ http://localhost:3000/_next/static/chunks/6c31e_next_dist_cf8a5dca._.js:2297
[ 9378087ms] [LOG] [Fast Refresh] rebuilding @ http://localhost:3000/_next/static/chunks/6c31e_next_dist_cf8a5dca._.js:2297
[ 9378092ms] [LOG] [Fast Refresh] done in 109ms @ http://localhost:3000/_next/static/chunks/6c31e_next_dist_cf8a5dca._.js:2297
[ 9391947ms] [LOG] [Fast Refresh] rebuilding @ http://localhost:3000/_next/static/chunks/6c31e_next_dist_cf8a5dca._.js:2297
[ 9391995ms] [LOG] [Fast Refresh] done in 91ms @ http://localhost:3000/_next/static/chunks/6c31e_next_dist_cf8a5dca._.js:2297
[ 9392120ms] [LOG] [Fast Refresh] rebuilding @ http://localhost:3000/_next/static/chunks/6c31e_next_dist_cf8a5dca._.js:2297
[ 9392158ms] [LOG] [Fast Refresh] done in 138ms @ http://localhost:3000/_next/static/chunks/6c31e_next_dist_cf8a5dca._.js:2297
[ 9392425ms] [LOG] [Fast Refresh] rebuilding @ http://localhost:3000/_next/static/chunks/6c31e_next_dist_cf8a5dca._.js:2297
[ 9392428ms] [LOG] [Fast Refresh] done in 108ms @ http://localhost:3000/_next/static/chunks/6c31e_next_dist_cf8a5dca._.js:2297
[ 9392433ms] [ERROR] Failed to load resource: the server responded with a status of 404 (Not Found) @ http://localhost:3000/icon-192.png:0
[ 9392443ms] [WARNING] Error while trying to use the following icon from the Manifest: http://localhost:3000/icon-192.png (Download error or resource isn't a valid image) @ http://localhost:3000/dashboard:0
[ 9395730ms] [LOG] [Fast Refresh] rebuilding @ http://localhost:3000/_next/static/chunks/6c31e_next_dist_cf8a5dca._.js:2297
[ 9395909ms] [LOG] [Fast Refresh] done in 213ms @ http://localhost:3000/_next/static/chunks/6c31e_next_dist_cf8a5dca._.js:2297
[ 9396045ms] [ERROR] Failed to load resource: the server responded with a status of 404 (Not Found) @ http://localhost:3000/icon-192.png:0
[ 9396051ms] [WARNING] Error while trying to use the following icon from the Manifest: http://localhost:3000/icon-192.png (Download error or resource isn't a valid image) @ http://localhost:3000/dashboard:0
[ 9409152ms] [LOG] [Fast Refresh] rebuilding @ http://localhost:3000/_next/static/chunks/6c31e_next_dist_cf8a5dca._.js:2297
[ 9409444ms] [LOG] [Fast Refresh] done in 397ms @ http://localhost:3000/_next/static/chunks/6c31e_next_dist_cf8a5dca._.js:2297
